<?xml version="1.0" encoding="UTF-8"?>
<!-- Generated by org.testng.reporters.JUnitReportReporter -->
<testsuite hostname="DESKTOP-G7BS26R" failures="0" tests="1" name="Ecom.Admin.TestCases.TestAccessories" time="173.911" errors="0" timestamp="11 Feb 2021 09:27:39 GMT" skipped="0">
  <testcase classname="Ecom.Admin.TestCases.TestAccessories" name="ShoppingProduct" time="173.911"/>
</testsuite> <!-- Ecom.Admin.TestCases.TestAccessories -->
