<?xml version="1.0" encoding="UTF-8"?>
<!-- Generated by org.testng.reporters.JUnitReportReporter -->
<testsuite hostname="DESKTOP-G7BS26R" failures="0" tests="1" name="Ecom.Admin.TestCases.TestLogin" time="168.494" errors="0" timestamp="11 Feb 2021 06:42:19 GMT" skipped="0">
  <testcase classname="Ecom.Admin.TestCases.TestLogin" name="startup" time="168.494"/>
</testsuite> <!-- Ecom.Admin.TestCases.TestLogin -->
