<?xml version="1.0" encoding="UTF-8"?>
<!-- Generated by org.testng.reporters.JUnitReportReporter -->
<testsuite hostname="DESKTOP-G7BS26R" failures="0" tests="1" name="Ecom.Admin.TestCases.TestHomepage" time="181.227" errors="0" timestamp="11 Feb 2021 13:27:10 GMT" skipped="0">
  <testcase classname="Ecom.Admin.TestCases.TestHomepage" name="Startup" time="181.227"/>
</testsuite> <!-- Ecom.Admin.TestCases.TestHomepage -->
